linear_Map
linear_RR_Map
Beep_Time
Brk_luminance
FactoryTestEnable
HardBrk_luminance
Accu_FAN_threshold
Pump_threshold
Accu_FAN_Test
Radiator_FAN_Test
Tail_Light_Test
APPS_threshold
APPS1_Voltage
APPS2_Voltage
BP_F_Voltage
BP_F_threshold
BP_R_Voltage
MaxRPMchangePerSec
MaxTorqChangePerSec
SCS_Error_5V
SCS_Error_GND
linear_FL_Map
linear_FR_Map
linear_RL_Map
BMSLedTest
BeeperTest
DCDC_Relay_Test
IMDLedTest
Pump_Test
R2D_Light_Test
MCU_HvVolt
MaxTemp
BMS_AlmLv
BMS_Current
BMS_SoC
BMS_Voltage
Pwr_Lim
Maxchange_Lim_T
MCU_TorqCmd
MCU_SpdCmd
Wheel_Angle
McuInfoOfflineCnt
McuStatelineCnt
APPS_Pos
APPS1_PWR
APPS2_PWR
BP_PWR
I_BAT
I_UBR
PWR_5V
Linear_RR
Linear_FR
Linear_RL
Linear_FL
Angle_Vol
BP_R_Vol_In
BP_R_Pos
BP_F_Vol_In
BP_F_Pos
APPS1_Pos
APPS2_Pos
APPS1_Vol_In
APPS2_Vol_In
APPSUn_dif
BP_Lim_T
Dri_T_request
VCUMCUCANOKK
Infomation_OK
State_OK
APPS_Unreliable
BMSInfoCnt
BMSALMCnt
BMSMAXTCnt
BMSMXVCnt
DCDC_ON
DCDC_MR
BmsLedStat
BeeperStat
ImdLedStat
ReadyLEDstat
R2D_Light
MCU_Online
R2D_SW
BP_F_Disconnect
BP_R_Disconnect
APPS1_Disconnect
APPS2_Disconnect
BMS_Online
APPS_OK
BP_F_OK
MCU_Ready
MCU_Cut
Bad_APPAlm
BadApp1Alm
BadApp2Alm
BadMcuAlm
A_level_Warn
B_level_Warn
VehStandby
VehReady
